{
  "RSpec": {
    "coverage": {
      "/Users/dannysantos/projects/MeetMeet/spec/models/activity_spec.rb": [
        1,
        null,
        1,
        1,
        null
      ],
      "/Users/dannysantos/projects/MeetMeet/spec/rails_helper.rb": [
        null,
        1,
        1,
        null,
        1,
        1,
        1,
        null,
        null,
        null,
        null,
        null,
        null,
        null,
        null,
        null,
        null,
        null,
        null,
        null,
        null,
        null,
        null,
        null,
        null,
        null,
        1,
        null,
        1,
        null,
        1,
        null,
        null,
        null,
        null,
        1,
        null,
        null,
        null,
        null,
        null,
        null,
        null,
        null,
        null,
        null,
        null,
        null,
        null,
        null,
        1,
        null,
        null,
        1,
        null,
        null,
        null
      ],
      "/Users/dannysantos/projects/MeetMeet/config/environment.rb": [
        null,
        1,
        null,
        null,
        1,
        null
      ],
      "/Users/dannysantos/projects/MeetMeet/config/application.rb": [
        1,
        null,
        1,
        null,
        1,
        1,
        1,
        1,
        1,
        1,
        1,
        null,
        null,
        null,
        null,
        1,
        null,
        1,
        1,
        null,
        null,
        null,
        null,
        null,
        null,
        null,
        null,
        null,
        null,
        null,
        null,
        null,
        1,
        null,
        null
      ],
      "/Users/dannysantos/projects/MeetMeet/config/boot.rb": [
        1,
        null,
        1
      ],
      "/Users/dannysantos/projects/MeetMeet/config/environments/test.rb": [
        1,
        null,
        null,
        null,
        null,
        null,
        null,
        1,
        null,
        null,
        null,
        null,
        1,
        null,
        null,
        1,
        1,
        null,
        null,
        1,
        1,
        null,
        null,
        1,
        null,
        null,
        1,
        null,
        null,
        null,
        null,
        1,
        null,
        null,
        1,
        null,
        null,
        1,
        null,
        null,
        null,
        1,
        null
      ],
      "/Users/dannysantos/projects/MeetMeet/config/initializers/assets.rb": [
        null,
        null,
        null,
        1,
        null,
        null,
        null,
        null,
        null,
        null,
        null
      ],
      "/Users/dannysantos/projects/MeetMeet/config/initializers/backtrace_silencers.rb": [
        null,
        null,
        null,
        null,
        null,
        null,
        null
      ],
      "/Users/dannysantos/projects/MeetMeet/config/initializers/cookies_serializer.rb": [
        null,
        null,
        1
      ],
      "/Users/dannysantos/projects/MeetMeet/config/initializers/devise.rb": [
        null,
        1,
        null,
        null,
        null,
        null,
        null,
        1,
        null,
        null,
        null,
        null,
        null,
        null,
        null,
        null,
        1,
        null,
        null,
        null,
        null,
        null,
        null,
        null,
        null,
        null,
        null,
        null,
        1,
        null,
        null,
        null,
        null,
        null,
        null,
        null,
        null,
        null,
        null,
        null,
        null,
        null,
        null,
        null,
        null,
        null,
        null,
        null,
        null,
        null,
        1,
        null,
        null,
        null,
        null,
        1,
        null,
        null,
        null,
        null,
        null,
        null,
        null,
        null,
        null,
        null,
        null,
        null,
        null,
        null,
        null,
        null,
        null,
        null,
        null,
        null,
        null,
        null,
        null,
        null,
        null,
        null,
        null,
        null,
        null,
        null,
        1,
        null,
        null,
        null,
        null,
        null,
        null,
        null,
        null,
        null,
        null,
        null,
        null,
        null,
        null,
        null,
        null,
        null,
        null,
        null,
        null,
        null,
        null,
        1,
        null,
        null,
        null,
        null,
        null,
        null,
        null,
        null,
        null,
        null,
        null,
        null,
        null,
        null,
        null,
        null,
        null,
        null,
        null,
        null,
        null,
        null,
        null,
        null,
        null,
        null,
        null,
        1,
        null,
        null,
        null,
        null,
        null,
        null,
        null,
        null,
        null,
        1,
        null,
        null,
        null,
        null,
        null,
        null,
        null,
        null,
        null,
        null,
        1,
        null,
        null,
        null,
        null,
        1,
        null,
        null,
        null,
        null,
        null,
        null,
        null,
        null,
        null,
        null,
        null,
        null,
        null,
        null,
        null,
        null,
        null,
        null,
        null,
        null,
        null,
        null,
        null,
        null,
        null,
        null,
        null,
        null,
        null,
        null,
        null,
        null,
        null,
        null,
        null,
        null,
        null,
        null,
        null,
        null,
        1,
        null,
        null,
        null,
        null,
        null,
        null,
        null,
        null,
        null,
        null,
        null,
        null,
        null,
        null,
        null,
        null,
        null,
        null,
        null,
        null,
        null,
        null,
        null,
        null,
        null,
        null,
        null,
        null,
        null,
        null,
        null,
        null,
        null,
        null,
        null,
        null,
        null,
        null,
        null,
        null,
        null,
        1,
        null,
        null,
        null,
        null,
        null,
        null,
        null,
        null,
        null,
        null,
        null,
        null,
        null,
        null,
        null,
        null,
        null,
        null,
        null,
        null,
        null,
        null,
        null,
        null,
        null,
        null,
        null,
        null,
        null
      ],
      "/Users/dannysantos/projects/MeetMeet/config/initializers/filter_parameter_logging.rb": [
        null,
        null,
        null,
        1
      ],
      "/Users/dannysantos/projects/MeetMeet/config/initializers/inflections.rb": [
        null,
        null,
        null,
        null,
        null,
        null,
        null,
        null,
        null,
        null,
        null,
        null,
        null,
        null,
        null,
        null
      ],
      "/Users/dannysantos/projects/MeetMeet/config/initializers/mime_types.rb": [
        null,
        null,
        null,
        null
      ],
      "/Users/dannysantos/projects/MeetMeet/config/initializers/session_store.rb": [
        null,
        null,
        1
      ],
      "/Users/dannysantos/projects/MeetMeet/config/initializers/wrap_parameters.rb": [
        null,
        null,
        null,
        null,
        null,
        null,
        1,
        1,
        null,
        null,
        null,
        null,
        null,
        null
      ],
      "/Users/dannysantos/projects/MeetMeet/config/routes.rb": [
        1,
        1,
        1,
        1,
        1,
        1,
        null,
        null,
        null
      ],
      "/Users/dannysantos/projects/MeetMeet/app/models/user.rb": [
        1,
        null,
        null,
        1,
        null
      ],
      "/Users/dannysantos/projects/MeetMeet/app/helpers/application_helper.rb": [
        1,
        null
      ],
      "/Users/dannysantos/projects/MeetMeet/app/models/activity.rb": [
        1,
        1,
        null
      ],
      "/Users/dannysantos/projects/MeetMeet/spec/models/profile_spec.rb": [
        1,
        null,
        1,
        1,
        null
      ],
      "/Users/dannysantos/projects/MeetMeet/app/models/profile.rb": [
        1,
        1,
        null
      ],
      "/Users/dannysantos/projects/MeetMeet/spec/models/request_spec.rb": [
        1,
        null,
        1,
        1,
        null
      ],
      "/Users/dannysantos/projects/MeetMeet/app/models/request.rb": [
        1,
        1,
        1,
        null
      ],
      "/Users/dannysantos/projects/MeetMeet/spec/models/user_spec.rb": [
        1,
        null,
        1,
        1,
        null
      ]
    },
    "timestamp": 1471435961
  },
  "Cucumber Features": {
    "coverage": {
      "/Users/dannysantos/projects/MeetMeet/config/environment.rb": [
        null,
        1,
        null,
        null,
        1,
        null
      ],
      "/Users/dannysantos/projects/MeetMeet/config/application.rb": [
        1,
        null,
        1,
        null,
        1,
        1,
        1,
        1,
        1,
        1,
        1,
        null,
        null,
        null,
        null,
        1,
        null,
        1,
        1,
        null,
        null,
        null,
        null,
        null,
        null,
        null,
        null,
        null,
        null,
        null,
        null,
        null,
        1,
        null,
        null
      ],
      "/Users/dannysantos/projects/MeetMeet/config/boot.rb": [
        1,
        null,
        1
      ],
      "/Users/dannysantos/projects/MeetMeet/config/environments/test.rb": [
        1,
        null,
        null,
        null,
        null,
        null,
        null,
        1,
        null,
        null,
        null,
        null,
        1,
        null,
        null,
        1,
        1,
        null,
        null,
        1,
        1,
        null,
        null,
        1,
        null,
        null,
        1,
        null,
        null,
        null,
        null,
        1,
        null,
        null,
        1,
        null,
        null,
        1,
        null,
        null,
        null,
        1,
        null
      ],
      "/Users/dannysantos/projects/MeetMeet/config/initializers/assets.rb": [
        null,
        null,
        null,
        1,
        null,
        null,
        null,
        null,
        null,
        null,
        null
      ],
      "/Users/dannysantos/projects/MeetMeet/config/initializers/backtrace_silencers.rb": [
        null,
        null,
        null,
        null,
        null,
        null,
        null
      ],
      "/Users/dannysantos/projects/MeetMeet/config/initializers/cookies_serializer.rb": [
        null,
        null,
        1
      ],
      "/Users/dannysantos/projects/MeetMeet/config/initializers/devise.rb": [
        null,
        1,
        null,
        null,
        null,
        null,
        null,
        1,
        null,
        null,
        null,
        null,
        null,
        null,
        null,
        null,
        1,
        null,
        null,
        null,
        null,
        null,
        null,
        null,
        null,
        null,
        null,
        null,
        1,
        null,
        null,
        null,
        null,
        null,
        null,
        null,
        null,
        null,
        null,
        null,
        null,
        null,
        null,
        null,
        null,
        null,
        null,
        null,
        null,
        null,
        1,
        null,
        null,
        null,
        null,
        1,
        null,
        null,
        null,
        null,
        null,
        null,
        null,
        null,
        null,
        null,
        null,
        null,
        null,
        null,
        null,
        null,
        null,
        null,
        null,
        null,
        null,
        null,
        null,
        null,
        null,
        null,
        null,
        null,
        null,
        null,
        1,
        null,
        null,
        null,
        null,
        null,
        null,
        null,
        null,
        null,
        null,
        null,
        null,
        null,
        null,
        null,
        null,
        null,
        null,
        null,
        null,
        null,
        null,
        1,
        null,
        null,
        null,
        null,
        null,
        null,
        null,
        null,
        null,
        null,
        null,
        null,
        null,
        null,
        null,
        null,
        null,
        null,
        null,
        null,
        null,
        null,
        null,
        null,
        null,
        null,
        null,
        1,
        null,
        null,
        null,
        null,
        null,
        null,
        null,
        null,
        null,
        1,
        null,
        null,
        null,
        null,
        null,
        null,
        null,
        null,
        null,
        null,
        1,
        null,
        null,
        null,
        null,
        1,
        null,
        null,
        null,
        null,
        null,
        null,
        null,
        null,
        null,
        null,
        null,
        null,
        null,
        null,
        null,
        null,
        null,
        null,
        null,
        null,
        null,
        null,
        null,
        null,
        null,
        null,
        null,
        null,
        null,
        null,
        null,
        null,
        null,
        null,
        null,
        null,
        null,
        null,
        null,
        null,
        1,
        null,
        null,
        null,
        null,
        null,
        null,
        null,
        null,
        null,
        null,
        null,
        null,
        null,
        null,
        null,
        null,
        null,
        null,
        null,
        null,
        null,
        null,
        null,
        null,
        null,
        null,
        null,
        null,
        null,
        null,
        null,
        null,
        null,
        null,
        null,
        null,
        null,
        null,
        null,
        null,
        null,
        1,
        null,
        null,
        null,
        null,
        null,
        null,
        null,
        null,
        null,
        null,
        null,
        null,
        null,
        null,
        null,
        null,
        null,
        null,
        null,
        null,
        null,
        null,
        null,
        null,
        null,
        null,
        null,
        null,
        null
      ],
      "/Users/dannysantos/projects/MeetMeet/config/initializers/filter_parameter_logging.rb": [
        null,
        null,
        null,
        1
      ],
      "/Users/dannysantos/projects/MeetMeet/config/initializers/inflections.rb": [
        null,
        null,
        null,
        null,
        null,
        null,
        null,
        null,
        null,
        null,
        null,
        null,
        null,
        null,
        null,
        null
      ],
      "/Users/dannysantos/projects/MeetMeet/config/initializers/mime_types.rb": [
        null,
        null,
        null,
        null
      ],
      "/Users/dannysantos/projects/MeetMeet/config/initializers/session_store.rb": [
        null,
        null,
        1
      ],
      "/Users/dannysantos/projects/MeetMeet/config/initializers/wrap_parameters.rb": [
        null,
        null,
        null,
        null,
        null,
        null,
        1,
        1,
        null,
        null,
        null,
        null,
        null,
        null
      ],
      "/Users/dannysantos/projects/MeetMeet/config/routes.rb": [
        1,
        1,
        1,
        1,
        1,
        1,
        null,
        null,
        null
      ],
      "/Users/dannysantos/projects/MeetMeet/app/models/user.rb": [
        1,
        null,
        null,
        1,
        null
      ],
      "/Users/dannysantos/projects/MeetMeet/features/support/sphinx.rb": [
        1,
        1,
        null,
        null,
        1,
        1,
        1,
        null
      ],
      "/Users/dannysantos/projects/MeetMeet/features/step_definitions/searching_steps.rb": [
        1,
        1,
        null,
        null,
        null,
        null,
        null,
        1,
        null,
        null,
        null,
        null,
        null,
        1,
        null,
        null,
        null,
        null,
        null,
        null,
        1,
        1,
        null,
        null,
        null,
        null,
        1,
        null,
        null,
        null,
        null,
        1,
        null,
        null,
        null,
        null,
        null,
        1,
        1,
        null,
        null,
        null,
        null,
        null,
        null,
        1,
        null,
        null,
        null,
        null,
        null,
        null,
        1,
        null,
        null,
        null,
        null,
        null,
        null,
        1,
        null,
        null,
        null,
        null,
        null,
        null,
        null,
        1,
        1,
        null,
        null,
        1,
        1,
        null,
        null,
        1,
        1,
        1,
        1,
        1,
        null,
        null,
        1,
        1,
        1,
        1,
        null
      ],
      "/Users/dannysantos/projects/MeetMeet/features/step_definitions/users_steps.rb": [
        1,
        1,
        1,
        null,
        null,
        1,
        2,
        null,
        null,
        null,
        null,
        null,
        null,
        null,
        null,
        null,
        1,
        2,
        null,
        null,
        1,
        1,
        1,
        null,
        null,
        1,
        1,
        null,
        null,
        1,
        1,
        null,
        null,
        1,
        1,
        1,
        1,
        1,
        null,
        null,
        1,
        2,
        2,
        2,
        null,
        null,
        1,
        1,
        null,
        null,
        1,
        1,
        null,
        null,
        1,
        1,
        null
      ],
      "/Users/dannysantos/projects/MeetMeet/app/models/profile.rb": [
        1,
        1,
        null
      ],
      "/Users/dannysantos/projects/MeetMeet/app/indices/request_indicies.rb": [
        1,
        1,
        1,
        1,
        null
      ],
      "/Users/dannysantos/projects/MeetMeet/app/models/activity.rb": [
        1,
        1,
        null
      ],
      "/Users/dannysantos/projects/MeetMeet/app/models/request.rb": [
        1,
        1,
        1,
        null
      ],
      "/Users/dannysantos/projects/MeetMeet/app/controllers/application_controller.rb": [
        1,
        1,
        null,
        1,
        10,
        null,
        null
      ],
      "/Users/dannysantos/projects/MeetMeet/app/helpers/application_helper.rb": [
        1,
        null
      ],
      "/Users/dannysantos/projects/MeetMeet/app/controllers/requests_controller.rb": [
        1,
        1,
        1,
        null,
        null
      ],
      "/Users/dannysantos/projects/MeetMeet/app/controllers/registrations_controller.rb": [
        1,
        1,
        1,
        1,
        null,
        null
      ],
      "/Users/dannysantos/projects/MeetMeet/app/controllers/sessions_controller.rb": [
        1,
        1,
        2,
        2,
        null,
        null
      ]
    },
    "timestamp": 1471435971
  }
}
